\\VMWARE-HOST\SHARED FOLDERS\CIS 563 - PHYS. BASED ANIMATION\JELLOSIM_BASECODE\TINYXML\RELEASE_STL\TINYXMLSTL.BSC
\\VMWARE-HOST\SHARED FOLDERS\CIS 563 - PHYS. BASED ANIMATION\JELLOSIM_BASECODE\TINYXML\RELEASE_STL\TINYXML.SBR
\\VMWARE-HOST\SHARED FOLDERS\CIS 563 - PHYS. BASED ANIMATION\JELLOSIM_BASECODE\TINYXML\RELEASE_STL\TINYXMLERROR.SBR
\\VMWARE-HOST\SHARED FOLDERS\CIS 563 - PHYS. BASED ANIMATION\JELLOSIM_BASECODE\TINYXML\RELEASE_STL\TINYXMLPARSER.SBR
\\VMWARE-HOST\SHARED FOLDERS\CIS 563 - PHYS. BASED ANIMATION\JELLOSIM_BASECODE\TINYXML\RELEASE_STL\TINYXMLPARSER.OBJ
\\VMWARE-HOST\SHARED FOLDERS\CIS 563 - PHYS. BASED ANIMATION\JELLOSIM_BASECODE\TINYXML\RELEASE_STL\TINYXMLERROR.OBJ
\\VMWARE-HOST\SHARED FOLDERS\CIS 563 - PHYS. BASED ANIMATION\JELLOSIM_BASECODE\TINYXML\RELEASE_STL\TINYXML.OBJ
\\VMWARE-HOST\SHARED FOLDERS\CIS 563 - PHYS. BASED ANIMATION\JELLOSIM_BASECODE\TINYXML\RELEASE_STL\TINYSTR.OBJ
\\VMWARE-HOST\SHARED FOLDERS\CIS 563 - PHYS. BASED ANIMATION\JELLOSIM_BASECODE\TINYXML\RELEASE_STL\VC110.PDB
\\vmware-host\Shared Folders\CIS 563 - Phys. Based Animation\JelloSim_basecode\tinyxml\Release_STL\tinystr.obj
\\vmware-host\Shared Folders\CIS 563 - Phys. Based Animation\JelloSim_basecode\tinyxml\Release_STL\tinyxml.obj
\\vmware-host\Shared Folders\CIS 563 - Phys. Based Animation\JelloSim_basecode\tinyxml\Release_STL\tinyxmlerror.obj
\\vmware-host\Shared Folders\CIS 563 - Phys. Based Animation\JelloSim_basecode\tinyxml\Release_STL\tinyxmlparser.obj
\\vmware-host\Shared Folders\CIS 563 - Phys. Based Animation\JelloSim_basecode\tinyxml\Release_STL\BscMake.command.1.tlog
\\vmware-host\Shared Folders\CIS 563 - Phys. Based Animation\JelloSim_basecode\tinyxml\Release_STL\bscmake.read.1.tlog
\\vmware-host\Shared Folders\CIS 563 - Phys. Based Animation\JelloSim_basecode\tinyxml\Release_STL\bscmake.write.1.tlog
\\vmware-host\Shared Folders\CIS 563 - Phys. Based Animation\JelloSim_basecode\tinyxml\Release_STL\cl.command.1.tlog
\\vmware-host\Shared Folders\CIS 563 - Phys. Based Animation\JelloSim_basecode\tinyxml\Release_STL\CL.read.1.tlog
\\vmware-host\Shared Folders\CIS 563 - Phys. Based Animation\JelloSim_basecode\tinyxml\Release_STL\CL.write.1.tlog
\\vmware-host\Shared Folders\CIS 563 - Phys. Based Animation\JelloSim_basecode\tinyxml\Release_STL\Lib-link.read.1.tlog
\\vmware-host\Shared Folders\CIS 563 - Phys. Based Animation\JelloSim_basecode\tinyxml\Release_STL\Lib-link.write.1.tlog
\\vmware-host\Shared Folders\CIS 563 - Phys. Based Animation\JelloSim_basecode\tinyxml\Release_STL\lib.command.1.tlog
\\vmware-host\Shared Folders\CIS 563 - Phys. Based Animation\JelloSim_basecode\tinyxml\Release_STL\Lib.read.1.tlog
\\vmware-host\Shared Folders\CIS 563 - Phys. Based Animation\JelloSim_basecode\tinyxml\Release_STL\vc110.pdb
\\vmware-host\Shared Folders\CIS 563 - Phys. Based Animation\JelloSim_basecode\tinyxml\Release_STL\tinyxmlSTL.bsc
\\vmware-host\Shared Folders\CIS 563 - Phys. Based Animation\JelloSim_basecode\tinyxml\Release_STL\tinystr.sbr
\\vmware-host\Shared Folders\CIS 563 - Phys. Based Animation\JelloSim_basecode\tinyxml\Release_STL\tinyxml.sbr
\\vmware-host\Shared Folders\CIS 563 - Phys. Based Animation\JelloSim_basecode\tinyxml\Release_STL\tinyxmlerror.sbr
\\vmware-host\Shared Folders\CIS 563 - Phys. Based Animation\JelloSim_basecode\tinyxml\Release_STL\tinyxmlparser.sbr
\\vmware-host\Shared Folders\CIS 563 - Phys. Based Animation\JelloSim_basecode\tinyxml\Release_STL\.\tinyxmlSTL.bsc
