C:\USERS\MICHAEL RIVERA\DESKTOP\CIS 563 - PHYS. BASED ANIMATION\JELLOSIM_BASECODE\TINYXML\DEBUG_STL\TINYSTR.OBJ
C:\USERS\MICHAEL RIVERA\DESKTOP\CIS 563 - PHYS. BASED ANIMATION\JELLOSIM_BASECODE\TINYXML\DEBUG_STL\TINYSTR.SBR
C:\USERS\MICHAEL RIVERA\DESKTOP\CIS 563 - PHYS. BASED ANIMATION\JELLOSIM_BASECODE\TINYXML\DEBUG_STL\TINYXML.OBJ
C:\USERS\MICHAEL RIVERA\DESKTOP\CIS 563 - PHYS. BASED ANIMATION\JELLOSIM_BASECODE\TINYXML\DEBUG_STL\TINYXML.SBR
C:\USERS\MICHAEL RIVERA\DESKTOP\CIS 563 - PHYS. BASED ANIMATION\JELLOSIM_BASECODE\TINYXML\DEBUG_STL\TINYXMLERROR.OBJ
C:\USERS\MICHAEL RIVERA\DESKTOP\CIS 563 - PHYS. BASED ANIMATION\JELLOSIM_BASECODE\TINYXML\DEBUG_STL\TINYXMLERROR.SBR
C:\USERS\MICHAEL RIVERA\DESKTOP\CIS 563 - PHYS. BASED ANIMATION\JELLOSIM_BASECODE\TINYXML\DEBUG_STL\TINYXMLPARSER.OBJ
C:\USERS\MICHAEL RIVERA\DESKTOP\CIS 563 - PHYS. BASED ANIMATION\JELLOSIM_BASECODE\TINYXML\DEBUG_STL\TINYXMLPARSER.SBR
C:\USERS\MICHAEL RIVERA\DESKTOP\CIS 563 - PHYS. BASED ANIMATION\JELLOSIM_BASECODE\TINYXML\DEBUG_STL\TINYXMLSTL.BSC
C:\USERS\MICHAEL RIVERA\DESKTOP\CIS 563 - PHYS. BASED ANIMATION\JELLOSIM_BASECODE\TINYXML\DEBUG_STL\VC110.PDB
C:\USERS\MICHAEL RIVERA\DESKTOP\CIS 563 - PHYS. BASED ANIMATION\JELLOSIM_BASECODE\TINYXML\TINYXMLD_STL.LIB
C:\Users\MikeRiv\Desktop\Repos\hair-simulation\Jello Simulation\JelloSim_basecode\tinyxml\Debug_STL\BscMake.command.1.tlog
C:\Users\MikeRiv\Desktop\Repos\hair-simulation\Jello Simulation\JelloSim_basecode\tinyxml\Debug_STL\bscmake.read.1.tlog
C:\Users\MikeRiv\Desktop\Repos\hair-simulation\Jello Simulation\JelloSim_basecode\tinyxml\Debug_STL\bscmake.write.1.tlog
C:\Users\MikeRiv\Desktop\Repos\hair-simulation\Jello Simulation\JelloSim_basecode\tinyxml\Debug_STL\cl.command.1.tlog
C:\Users\MikeRiv\Desktop\Repos\hair-simulation\Jello Simulation\JelloSim_basecode\tinyxml\Debug_STL\CL.read.1.tlog
C:\Users\MikeRiv\Desktop\Repos\hair-simulation\Jello Simulation\JelloSim_basecode\tinyxml\Debug_STL\CL.write.1.tlog
C:\Users\MikeRiv\Desktop\Repos\hair-simulation\Jello Simulation\JelloSim_basecode\tinyxml\Debug_STL\lib.command.1.tlog
C:\Users\MikeRiv\Desktop\Repos\hair-simulation\Jello Simulation\JelloSim_basecode\tinyxml\Debug_STL\Lib.read.1.tlog
C:\Users\MikeRiv\Desktop\Repos\hair-simulation\Jello Simulation\JelloSim_basecode\tinyxml\Debug_STL\Lib-link.read.1.tlog
C:\Users\MikeRiv\Desktop\Repos\hair-simulation\Jello Simulation\JelloSim_basecode\tinyxml\Debug_STL\Lib-link.write.1.tlog
C:\USERS\MIKERIV\DESKTOP\REPOS\HAIR-SIMULATION\JELLO SIMULATION\JELLOSIM_BASECODE\TINYXML\DEBUG_STL\TINYSTR.OBJ
C:\USERS\MIKERIV\DESKTOP\REPOS\HAIR-SIMULATION\JELLO SIMULATION\JELLOSIM_BASECODE\TINYXML\DEBUG_STL\TINYSTR.SBR
C:\USERS\MIKERIV\DESKTOP\REPOS\HAIR-SIMULATION\JELLO SIMULATION\JELLOSIM_BASECODE\TINYXML\DEBUG_STL\TINYXML.OBJ
C:\USERS\MIKERIV\DESKTOP\REPOS\HAIR-SIMULATION\JELLO SIMULATION\JELLOSIM_BASECODE\TINYXML\DEBUG_STL\TINYXML.SBR
C:\USERS\MIKERIV\DESKTOP\REPOS\HAIR-SIMULATION\JELLO SIMULATION\JELLOSIM_BASECODE\TINYXML\DEBUG_STL\TINYXMLERROR.OBJ
C:\USERS\MIKERIV\DESKTOP\REPOS\HAIR-SIMULATION\JELLO SIMULATION\JELLOSIM_BASECODE\TINYXML\DEBUG_STL\TINYXMLERROR.SBR
C:\USERS\MIKERIV\DESKTOP\REPOS\HAIR-SIMULATION\JELLO SIMULATION\JELLOSIM_BASECODE\TINYXML\DEBUG_STL\TINYXMLPARSER.OBJ
C:\USERS\MIKERIV\DESKTOP\REPOS\HAIR-SIMULATION\JELLO SIMULATION\JELLOSIM_BASECODE\TINYXML\DEBUG_STL\TINYXMLPARSER.SBR
C:\USERS\MIKERIV\DESKTOP\REPOS\HAIR-SIMULATION\JELLO SIMULATION\JELLOSIM_BASECODE\TINYXML\DEBUG_STL\TINYXMLSTL.BSC
C:\Users\MikeRiv\Desktop\Repos\hair-simulation\Jello Simulation\JelloSim_basecode\tinyxml\Debug_STL\vc100.idb
C:\USERS\MIKERIV\DESKTOP\REPOS\HAIR-SIMULATION\JELLO SIMULATION\JELLOSIM_BASECODE\TINYXML\DEBUG_STL\VC100.PDB
C:\Users\MikeRiv\Desktop\Repos\hair-simulation\Jello Simulation\JelloSim_basecode\tinyxml\Debug_STL\vc110.idb
C:\Users\MikeRiv\Desktop\Repos\hair-simulation\Jello Simulation\JelloSim_basecode\tinyxml\Debug_STL\vc110.pdb
C:\USERS\MIKERIV\DESKTOP\REPOS\HAIR-SIMULATION\JELLO SIMULATION\JELLOSIM_BASECODE\TINYXML\TINYXMLD_STL.LIB
