C:\USERS\MIKERIV\DESKTOP\REPOS\HAIR-SIMULATION\JELLO SIMULATION\JELLOSIM_BASECODE\DEBUG\JELLOSIM.EXE
C:\USERS\MIKERIV\DESKTOP\REPOS\HAIR-SIMULATION\JELLO SIMULATION\JELLOSIM_BASECODE\DEBUG\JELLOSIM.ILK
C:\USERS\MIKERIV\DESKTOP\REPOS\HAIR-SIMULATION\JELLO SIMULATION\JELLOSIM_BASECODE\DEBUG\JELLOSIM.PDB
C:\USERS\MIKERIV\DESKTOP\REPOS\HAIR-SIMULATION\JELLO SIMULATION\JELLOSIM_BASECODE\JELLOSIM\DEBUG\CAMERA.OBJ
C:\Users\MikeRiv\Desktop\Repos\hair-simulation\Jello Simulation\JelloSim_basecode\JelloSim\Debug\cl.command.1.tlog
C:\Users\MikeRiv\Desktop\Repos\hair-simulation\Jello Simulation\JelloSim_basecode\JelloSim\Debug\CL.read.1.tlog
C:\Users\MikeRiv\Desktop\Repos\hair-simulation\Jello Simulation\JelloSim_basecode\JelloSim\Debug\CL.write.1.tlog
C:\USERS\MIKERIV\DESKTOP\REPOS\HAIR-SIMULATION\JELLO SIMULATION\JELLOSIM_BASECODE\JELLOSIM\DEBUG\FPS.OBJ
C:\USERS\MIKERIV\DESKTOP\REPOS\HAIR-SIMULATION\JELLO SIMULATION\JELLOSIM_BASECODE\JELLOSIM\DEBUG\JELLOMESH.OBJ
C:\USERS\MIKERIV\DESKTOP\REPOS\HAIR-SIMULATION\JELLO SIMULATION\JELLOSIM_BASECODE\JELLOSIM\DEBUG\JELLOSIM.EXE.INTERMEDIATE.MANIFEST
C:\Users\MikeRiv\Desktop\Repos\hair-simulation\Jello Simulation\JelloSim_basecode\JelloSim\Debug\link.command.1.tlog
C:\Users\MikeRiv\Desktop\Repos\hair-simulation\Jello Simulation\JelloSim_basecode\JelloSim\Debug\link.read.1.tlog
C:\Users\MikeRiv\Desktop\Repos\hair-simulation\Jello Simulation\JelloSim_basecode\JelloSim\Debug\link.write.1.tlog
C:\USERS\MIKERIV\DESKTOP\REPOS\HAIR-SIMULATION\JELLO SIMULATION\JELLOSIM_BASECODE\JELLOSIM\DEBUG\MAIN.OBJ
C:\Users\MikeRiv\Desktop\Repos\hair-simulation\Jello Simulation\JelloSim_basecode\JelloSim\Debug\mt.command.1.tlog
C:\Users\MikeRiv\Desktop\Repos\hair-simulation\Jello Simulation\JelloSim_basecode\JelloSim\Debug\mt.read.1.tlog
C:\Users\MikeRiv\Desktop\Repos\hair-simulation\Jello Simulation\JelloSim_basecode\JelloSim\Debug\mt.write.1.tlog
C:\Users\MikeRiv\Desktop\Repos\hair-simulation\Jello Simulation\JelloSim_basecode\JelloSim\Debug\vc100.idb
C:\USERS\MIKERIV\DESKTOP\REPOS\HAIR-SIMULATION\JELLO SIMULATION\JELLOSIM_BASECODE\JELLOSIM\DEBUG\VC100.PDB
C:\USERS\MIKERIV\DESKTOP\REPOS\HAIR-SIMULATION\JELLO SIMULATION\JELLOSIM_BASECODE\JELLOSIM\DEBUG\VEC.OBJ
C:\USERS\MIKERIV\DESKTOP\REPOS\HAIR-SIMULATION\JELLO SIMULATION\JELLOSIM_BASECODE\JELLOSIM\DEBUG\WORLD.OBJ
