Build started 4/15/2013 9:15:33 PM.
     1>Project "C:\Users\MikeRiv\Desktop\Repos\hair-simulation\Jello Simulation\JelloSim_basecode\JelloSim\JelloSim.vcxproj" on node 3 (rebuild target(s)).
     1>_PrepareForClean:
         Deleting file "Debug\JelloSim.lastbuildstate".
       InitializeBuildStatus:
         Creating "Debug\JelloSim.unsuccessfulbuild" because "AlwaysCreate" was specified.
       ClCompile:
         c:\Program Files (x86)\Microsoft Visual Studio 10.0\VC\bin\CL.exe /c /I..\DevIL1.6.7\include /I..\tinyxml /I..\glut /ZI /nologo /W3 /WX- /Od /Oy- /D _MBCS /Gm /EHsc /RTC1 /MDd /GS /fp:precise /Zc:wchar_t /Zc:forScope /Fo"Debug\\" /Fd"Debug\vc100.pdb" /Gd /TP /analyze- /errorReport:prompt camera.cpp fps.cpp jelloMesh.cpp main.cpp vec.cpp world.cpp
         world.cpp
         vec.cpp
         main.cpp
     1>c:\users\mikeriv\desktop\repos\hair-simulation\jello simulation\jellosim_basecode\jellosim\matrix.h(234): warning C4290: C++ exception specification ignored except to indicate a function is not __declspec(nothrow)
                 c:\users\mikeriv\desktop\repos\hair-simulation\jello simulation\jellosim_basecode\jellosim\matrix.h(314) : see reference to class template instantiation 'math::matrix<T>' being compiled
     1>c:\users\mikeriv\desktop\repos\hair-simulation\jello simulation\jellosim_basecode\jellosim\matrix.h(235): warning C4290: C++ exception specification ignored except to indicate a function is not __declspec(nothrow)
     1>c:\users\mikeriv\desktop\repos\hair-simulation\jello simulation\jellosim_basecode\jellosim\matrix.h(242): warning C4290: C++ exception specification ignored except to indicate a function is not __declspec(nothrow)
     1>c:\users\mikeriv\desktop\repos\hair-simulation\jello simulation\jellosim_basecode\jellosim\matrix.h(243): warning C4290: C++ exception specification ignored except to indicate a function is not __declspec(nothrow)
     1>c:\users\mikeriv\desktop\repos\hair-simulation\jello simulation\jellosim_basecode\jellosim\matrix.h(244): warning C4290: C++ exception specification ignored except to indicate a function is not __declspec(nothrow)
     1>c:\users\mikeriv\desktop\repos\hair-simulation\jello simulation\jellosim_basecode\jellosim\matrix.h(247): warning C4290: C++ exception specification ignored except to indicate a function is not __declspec(nothrow)
     1>c:\users\mikeriv\desktop\repos\hair-simulation\jello simulation\jellosim_basecode\jellosim\matrix.h(258): warning C4290: C++ exception specification ignored except to indicate a function is not __declspec(nothrow)
     1>c:\users\mikeriv\desktop\repos\hair-simulation\jello simulation\jellosim_basecode\jellosim\matrix.h(259): warning C4290: C++ exception specification ignored except to indicate a function is not __declspec(nothrow)
     1>c:\users\mikeriv\desktop\repos\hair-simulation\jello simulation\jellosim_basecode\jellosim\matrix.h(260): warning C4290: C++ exception specification ignored except to indicate a function is not __declspec(nothrow)
     1>c:\users\mikeriv\desktop\repos\hair-simulation\jello simulation\jellosim_basecode\jellosim\matrix.h(261): warning C4290: C++ exception specification ignored except to indicate a function is not __declspec(nothrow)
     1>c:\users\mikeriv\desktop\repos\hair-simulation\jello simulation\jellosim_basecode\jellosim\matrix.h(262): warning C4290: C++ exception specification ignored except to indicate a function is not __declspec(nothrow)
     1>c:\users\mikeriv\desktop\repos\hair-simulation\jello simulation\jellosim_basecode\jellosim\matrix.h(264): warning C4290: C++ exception specification ignored except to indicate a function is not __declspec(nothrow)
     1>c:\users\mikeriv\desktop\repos\hair-simulation\jello simulation\jellosim_basecode\jellosim\matrix.h(444): warning C4290: C++ exception specification ignored except to indicate a function is not __declspec(nothrow)
     1>c:\users\mikeriv\desktop\repos\hair-simulation\jello simulation\jellosim_basecode\jellosim\matrix.h(454): warning C4290: C++ exception specification ignored except to indicate a function is not __declspec(nothrow)
     1>c:\users\mikeriv\desktop\repos\hair-simulation\jello simulation\jellosim_basecode\jellosim\matrix.h(516): warning C4290: C++ exception specification ignored except to indicate a function is not __declspec(nothrow)
     1>c:\users\mikeriv\desktop\repos\hair-simulation\jello simulation\jellosim_basecode\jellosim\matrix.h(529): warning C4290: C++ exception specification ignored except to indicate a function is not __declspec(nothrow)
     1>c:\users\mikeriv\desktop\repos\hair-simulation\jello simulation\jellosim_basecode\jellosim\matrix.h(553): warning C4290: C++ exception specification ignored except to indicate a function is not __declspec(nothrow)
     1>c:\users\mikeriv\desktop\repos\hair-simulation\jello simulation\jellosim_basecode\jellosim\matrix.h(586): warning C4290: C++ exception specification ignored except to indicate a function is not __declspec(nothrow)
     1>c:\users\mikeriv\desktop\repos\hair-simulation\jello simulation\jellosim_basecode\jellosim\matrix.h(611): warning C4290: C++ exception specification ignored except to indicate a function is not __declspec(nothrow)
     1>c:\users\mikeriv\desktop\repos\hair-simulation\jello simulation\jellosim_basecode\jellosim\matrix.h(620): warning C4290: C++ exception specification ignored except to indicate a function is not __declspec(nothrow)
     1>c:\users\mikeriv\desktop\repos\hair-simulation\jello simulation\jellosim_basecode\jellosim\matrix.h(646): warning C4290: C++ exception specification ignored except to indicate a function is not __declspec(nothrow)
     1>c:\users\mikeriv\desktop\repos\hair-simulation\jello simulation\jellosim_basecode\jellosim\matrix.h(663): warning C4290: C++ exception specification ignored except to indicate a function is not __declspec(nothrow)
     1>c:\users\mikeriv\desktop\repos\hair-simulation\jello simulation\jellosim_basecode\jellosim\matrix.h(670): warning C4290: C++ exception specification ignored except to indicate a function is not __declspec(nothrow)
     1>c:\users\mikeriv\desktop\repos\hair-simulation\jello simulation\jellosim_basecode\jellosim\matrix.h(677): warning C4290: C++ exception specification ignored except to indicate a function is not __declspec(nothrow)
     1>c:\users\mikeriv\desktop\repos\hair-simulation\jello simulation\jellosim_basecode\jellosim\matrix.h(701): warning C4290: C++ exception specification ignored except to indicate a function is not __declspec(nothrow)
     1>c:\users\mikeriv\desktop\repos\hair-simulation\jello simulation\jellosim_basecode\jellosim\matrix.h(709): warning C4290: C++ exception specification ignored except to indicate a function is not __declspec(nothrow)
     1>c:\users\mikeriv\desktop\repos\hair-simulation\jello simulation\jellosim_basecode\jellosim\matrix.h(756): warning C4290: C++ exception specification ignored except to indicate a function is not __declspec(nothrow)
     1>c:\users\mikeriv\desktop\repos\hair-simulation\jello simulation\jellosim_basecode\jellosim\matrix.h(885): warning C4290: C++ exception specification ignored except to indicate a function is not __declspec(nothrow)
     1>c:\users\mikeriv\desktop\repos\hair-simulation\jello simulation\jellosim_basecode\jellosim\matrix.h(938): warning C4290: C++ exception specification ignored except to indicate a function is not __declspec(nothrow)
     1>c:\users\mikeriv\desktop\repos\hair-simulation\jello simulation\jellosim_basecode\jellosim\matrix.h(972): warning C4290: C++ exception specification ignored except to indicate a function is not __declspec(nothrow)
     1>c:\users\mikeriv\desktop\repos\hair-simulation\jello simulation\jellosim_basecode\jellosim\matrix.h(987): warning C4290: C++ exception specification ignored except to indicate a function is not __declspec(nothrow)
     1>c:\users\mikeriv\desktop\repos\hair-simulation\jello simulation\jellosim_basecode\jellosim\matrix.h(1153): warning C4290: C++ exception specification ignored except to indicate a function is not __declspec(nothrow)
     1>c:\users\mikeriv\desktop\repos\hair-simulation\jello simulation\jellosim_basecode\jellosim\matrix.h(1161): warning C4290: C++ exception specification ignored except to indicate a function is not __declspec(nothrow)
         jelloMesh.cpp
     1>c:\users\mikeriv\desktop\repos\hair-simulation\jello simulation\jellosim_basecode\jellosim\jellomesh.cpp(460): warning C4482: nonstandard extension used: enum 'JelloMesh::IntersectionType' used in qualified name
     1>c:\users\mikeriv\desktop\repos\hair-simulation\jello simulation\jellosim_basecode\jellosim\jellomesh.cpp(464): warning C4482: nonstandard extension used: enum 'JelloMesh::IntersectionType' used in qualified name
     1>c:\users\mikeriv\desktop\repos\hair-simulation\jello simulation\jellosim_basecode\jellosim\jellomesh.cpp(472): warning C4482: nonstandard extension used: enum 'JelloMesh::IntersectionType' used in qualified name
     1>c:\users\mikeriv\desktop\repos\hair-simulation\jello simulation\jellosim_basecode\jellosim\jellomesh.cpp(476): warning C4482: nonstandard extension used: enum 'JelloMesh::IntersectionType' used in qualified name
     1>c:\users\mikeriv\desktop\repos\hair-simulation\jello simulation\jellosim_basecode\jellosim\jellomesh.cpp(484): warning C4482: nonstandard extension used: enum 'JelloMesh::IntersectionType' used in qualified name
     1>c:\users\mikeriv\desktop\repos\hair-simulation\jello simulation\jellosim_basecode\jellosim\jellomesh.cpp(488): warning C4482: nonstandard extension used: enum 'JelloMesh::IntersectionType' used in qualified name
     1>c:\users\mikeriv\desktop\repos\hair-simulation\jello simulation\jellosim_basecode\jellosim\jellomesh.cpp(637): warning C4482: nonstandard extension used: enum 'JelloMesh::IntersectionType' used in qualified name
     1>c:\users\mikeriv\desktop\repos\hair-simulation\jello simulation\jellosim_basecode\jellosim\jellomesh.cpp(647): warning C4482: nonstandard extension used: enum 'JelloMesh::IntersectionType' used in qualified name
     1>c:\users\mikeriv\desktop\repos\hair-simulation\jello simulation\jellosim_basecode\jellosim\jellomesh.cpp(674): warning C4482: nonstandard extension used: enum 'JelloMesh::IntersectionType' used in qualified name
     1>c:\users\mikeriv\desktop\repos\hair-simulation\jello simulation\jellosim_basecode\jellosim\jellomesh.cpp(682): warning C4482: nonstandard extension used: enum 'JelloMesh::IntersectionType' used in qualified name
     1>c:\users\mikeriv\desktop\repos\hair-simulation\jello simulation\jellosim_basecode\jellosim\jellomesh.cpp(745): warning C4482: nonstandard extension used: enum 'JelloMesh::IntersectionType' used in qualified name
     1>c:\users\mikeriv\desktop\repos\hair-simulation\jello simulation\jellosim_basecode\jellosim\jellomesh.cpp(761): warning C4482: nonstandard extension used: enum 'JelloMesh::IntersectionType' used in qualified name
     1>c:\users\mikeriv\desktop\repos\hair-simulation\jello simulation\jellosim_basecode\jellosim\jellomesh.cpp(769): warning C4482: nonstandard extension used: enum 'JelloMesh::IntersectionType' used in qualified name
     1>c:\users\mikeriv\desktop\repos\hair-simulation\jello simulation\jellosim_basecode\jellosim\jellomesh.cpp(783): warning C4482: nonstandard extension used: enum 'JelloMesh::IntersectionType' used in qualified name
     1>c:\users\mikeriv\desktop\repos\hair-simulation\jello simulation\jellosim_basecode\jellosim\jellomesh.cpp(791): warning C4482: nonstandard extension used: enum 'JelloMesh::IntersectionType' used in qualified name
     1>c:\users\mikeriv\desktop\repos\hair-simulation\jello simulation\jellosim_basecode\jellosim\jellomesh.cpp(798): warning C4482: nonstandard extension used: enum 'JelloMesh::IntersectionType' used in qualified name
         fps.cpp
         camera.cpp
     1>c:\users\mikeriv\desktop\repos\hair-simulation\jello simulation\jellosim_basecode\jellosim\matrix.h(234): warning C4290: C++ exception specification ignored except to indicate a function is not __declspec(nothrow)
                 c:\users\mikeriv\desktop\repos\hair-simulation\jello simulation\jellosim_basecode\jellosim\matrix.h(314) : see reference to class template instantiation 'math::matrix<T>' being compiled
     1>c:\users\mikeriv\desktop\repos\hair-simulation\jello simulation\jellosim_basecode\jellosim\matrix.h(235): warning C4290: C++ exception specification ignored except to indicate a function is not __declspec(nothrow)
     1>c:\users\mikeriv\desktop\repos\hair-simulation\jello simulation\jellosim_basecode\jellosim\matrix.h(242): warning C4290: C++ exception specification ignored except to indicate a function is not __declspec(nothrow)
     1>c:\users\mikeriv\desktop\repos\hair-simulation\jello simulation\jellosim_basecode\jellosim\matrix.h(243): warning C4290: C++ exception specification ignored except to indicate a function is not __declspec(nothrow)
     1>c:\users\mikeriv\desktop\repos\hair-simulation\jello simulation\jellosim_basecode\jellosim\matrix.h(244): warning C4290: C++ exception specification ignored except to indicate a function is not __declspec(nothrow)
     1>c:\users\mikeriv\desktop\repos\hair-simulation\jello simulation\jellosim_basecode\jellosim\matrix.h(247): warning C4290: C++ exception specification ignored except to indicate a function is not __declspec(nothrow)
     1>c:\users\mikeriv\desktop\repos\hair-simulation\jello simulation\jellosim_basecode\jellosim\matrix.h(258): warning C4290: C++ exception specification ignored except to indicate a function is not __declspec(nothrow)
     1>c:\users\mikeriv\desktop\repos\hair-simulation\jello simulation\jellosim_basecode\jellosim\matrix.h(259): warning C4290: C++ exception specification ignored except to indicate a function is not __declspec(nothrow)
     1>c:\users\mikeriv\desktop\repos\hair-simulation\jello simulation\jellosim_basecode\jellosim\matrix.h(260): warning C4290: C++ exception specification ignored except to indicate a function is not __declspec(nothrow)
     1>c:\users\mikeriv\desktop\repos\hair-simulation\jello simulation\jellosim_basecode\jellosim\matrix.h(261): warning C4290: C++ exception specification ignored except to indicate a function is not __declspec(nothrow)
     1>c:\users\mikeriv\desktop\repos\hair-simulation\jello simulation\jellosim_basecode\jellosim\matrix.h(262): warning C4290: C++ exception specification ignored except to indicate a function is not __declspec(nothrow)
     1>c:\users\mikeriv\desktop\repos\hair-simulation\jello simulation\jellosim_basecode\jellosim\matrix.h(264): warning C4290: C++ exception specification ignored except to indicate a function is not __declspec(nothrow)
     1>c:\users\mikeriv\desktop\repos\hair-simulation\jello simulation\jellosim_basecode\jellosim\matrix.h(444): warning C4290: C++ exception specification ignored except to indicate a function is not __declspec(nothrow)
     1>c:\users\mikeriv\desktop\repos\hair-simulation\jello simulation\jellosim_basecode\jellosim\matrix.h(454): warning C4290: C++ exception specification ignored except to indicate a function is not __declspec(nothrow)
     1>c:\users\mikeriv\desktop\repos\hair-simulation\jello simulation\jellosim_basecode\jellosim\matrix.h(516): warning C4290: C++ exception specification ignored except to indicate a function is not __declspec(nothrow)
     1>c:\users\mikeriv\desktop\repos\hair-simulation\jello simulation\jellosim_basecode\jellosim\matrix.h(529): warning C4290: C++ exception specification ignored except to indicate a function is not __declspec(nothrow)
     1>c:\users\mikeriv\desktop\repos\hair-simulation\jello simulation\jellosim_basecode\jellosim\matrix.h(553): warning C4290: C++ exception specification ignored except to indicate a function is not __declspec(nothrow)
     1>c:\users\mikeriv\desktop\repos\hair-simulation\jello simulation\jellosim_basecode\jellosim\matrix.h(586): warning C4290: C++ exception specification ignored except to indicate a function is not __declspec(nothrow)
     1>c:\users\mikeriv\desktop\repos\hair-simulation\jello simulation\jellosim_basecode\jellosim\matrix.h(611): warning C4290: C++ exception specification ignored except to indicate a function is not __declspec(nothrow)
     1>c:\users\mikeriv\desktop\repos\hair-simulation\jello simulation\jellosim_basecode\jellosim\matrix.h(620): warning C4290: C++ exception specification ignored except to indicate a function is not __declspec(nothrow)
     1>c:\users\mikeriv\desktop\repos\hair-simulation\jello simulation\jellosim_basecode\jellosim\matrix.h(646): warning C4290: C++ exception specification ignored except to indicate a function is not __declspec(nothrow)
     1>c:\users\mikeriv\desktop\repos\hair-simulation\jello simulation\jellosim_basecode\jellosim\matrix.h(663): warning C4290: C++ exception specification ignored except to indicate a function is not __declspec(nothrow)
     1>c:\users\mikeriv\desktop\repos\hair-simulation\jello simulation\jellosim_basecode\jellosim\matrix.h(670): warning C4290: C++ exception specification ignored except to indicate a function is not __declspec(nothrow)
     1>c:\users\mikeriv\desktop\repos\hair-simulation\jello simulation\jellosim_basecode\jellosim\matrix.h(677): warning C4290: C++ exception specification ignored except to indicate a function is not __declspec(nothrow)
     1>c:\users\mikeriv\desktop\repos\hair-simulation\jello simulation\jellosim_basecode\jellosim\matrix.h(701): warning C4290: C++ exception specification ignored except to indicate a function is not __declspec(nothrow)
     1>c:\users\mikeriv\desktop\repos\hair-simulation\jello simulation\jellosim_basecode\jellosim\matrix.h(709): warning C4290: C++ exception specification ignored except to indicate a function is not __declspec(nothrow)
     1>c:\users\mikeriv\desktop\repos\hair-simulation\jello simulation\jellosim_basecode\jellosim\matrix.h(756): warning C4290: C++ exception specification ignored except to indicate a function is not __declspec(nothrow)
     1>c:\users\mikeriv\desktop\repos\hair-simulation\jello simulation\jellosim_basecode\jellosim\matrix.h(885): warning C4290: C++ exception specification ignored except to indicate a function is not __declspec(nothrow)
     1>c:\users\mikeriv\desktop\repos\hair-simulation\jello simulation\jellosim_basecode\jellosim\matrix.h(938): warning C4290: C++ exception specification ignored except to indicate a function is not __declspec(nothrow)
     1>c:\users\mikeriv\desktop\repos\hair-simulation\jello simulation\jellosim_basecode\jellosim\matrix.h(972): warning C4290: C++ exception specification ignored except to indicate a function is not __declspec(nothrow)
     1>c:\users\mikeriv\desktop\repos\hair-simulation\jello simulation\jellosim_basecode\jellosim\matrix.h(987): warning C4290: C++ exception specification ignored except to indicate a function is not __declspec(nothrow)
     1>c:\users\mikeriv\desktop\repos\hair-simulation\jello simulation\jellosim_basecode\jellosim\matrix.h(1153): warning C4290: C++ exception specification ignored except to indicate a function is not __declspec(nothrow)
     1>c:\users\mikeriv\desktop\repos\hair-simulation\jello simulation\jellosim_basecode\jellosim\matrix.h(1161): warning C4290: C++ exception specification ignored except to indicate a function is not __declspec(nothrow)
     1>c:\users\mikeriv\desktop\repos\hair-simulation\jello simulation\jellosim_basecode\jellosim\matrix.h(234): warning C4290: C++ exception specification ignored except to indicate a function is not __declspec(nothrow)
                 c:\users\mikeriv\desktop\repos\hair-simulation\jello simulation\jellosim_basecode\jellosim\camera.cpp(306) : see reference to class template instantiation 'math::matrix<T>' being compiled
                 with
                 [
                     T=double
                 ]
     1>c:\users\mikeriv\desktop\repos\hair-simulation\jello simulation\jellosim_basecode\jellosim\matrix.h(235): warning C4290: C++ exception specification ignored except to indicate a function is not __declspec(nothrow)
     1>c:\users\mikeriv\desktop\repos\hair-simulation\jello simulation\jellosim_basecode\jellosim\matrix.h(242): warning C4290: C++ exception specification ignored except to indicate a function is not __declspec(nothrow)
     1>c:\users\mikeriv\desktop\repos\hair-simulation\jello simulation\jellosim_basecode\jellosim\matrix.h(243): warning C4290: C++ exception specification ignored except to indicate a function is not __declspec(nothrow)
     1>c:\users\mikeriv\desktop\repos\hair-simulation\jello simulation\jellosim_basecode\jellosim\matrix.h(244): warning C4290: C++ exception specification ignored except to indicate a function is not __declspec(nothrow)
     1>c:\users\mikeriv\desktop\repos\hair-simulation\jello simulation\jellosim_basecode\jellosim\matrix.h(247): warning C4290: C++ exception specification ignored except to indicate a function is not __declspec(nothrow)
     1>c:\users\mikeriv\desktop\repos\hair-simulation\jello simulation\jellosim_basecode\jellosim\matrix.h(258): warning C4290: C++ exception specification ignored except to indicate a function is not __declspec(nothrow)
     1>c:\users\mikeriv\desktop\repos\hair-simulation\jello simulation\jellosim_basecode\jellosim\matrix.h(259): warning C4290: C++ exception specification ignored except to indicate a function is not __declspec(nothrow)
     1>c:\users\mikeriv\desktop\repos\hair-simulation\jello simulation\jellosim_basecode\jellosim\matrix.h(260): warning C4290: C++ exception specification ignored except to indicate a function is not __declspec(nothrow)
     1>c:\users\mikeriv\desktop\repos\hair-simulation\jello simulation\jellosim_basecode\jellosim\matrix.h(261): warning C4290: C++ exception specification ignored except to indicate a function is not __declspec(nothrow)
     1>c:\users\mikeriv\desktop\repos\hair-simulation\jello simulation\jellosim_basecode\jellosim\matrix.h(262): warning C4290: C++ exception specification ignored except to indicate a function is not __declspec(nothrow)
     1>c:\users\mikeriv\desktop\repos\hair-simulation\jello simulation\jellosim_basecode\jellosim\matrix.h(264): warning C4290: C++ exception specification ignored except to indicate a function is not __declspec(nothrow)
     1>c:\users\mikeriv\desktop\repos\hair-simulation\jello simulation\jellosim_basecode\jellosim\matrix.h(709): warning C4290: C++ exception specification ignored except to indicate a function is not __declspec(nothrow)
                 c:\users\mikeriv\desktop\repos\hair-simulation\jello simulation\jellosim_basecode\jellosim\matrix.h(710) : while compiling class template member function 'math::matrix<T> math::matrix<T>::Inv(void) throw(math::matrix_error)'
                 with
                 [
                     T=double
                 ]
                 c:\users\mikeriv\desktop\repos\hair-simulation\jello simulation\jellosim_basecode\jellosim\camera.cpp(306) : see reference to class template instantiation 'math::matrix<T>' being compiled
                 with
                 [
                     T=double
                 ]
         Generating Code...
       Link:
         c:\Program Files (x86)\Microsoft Visual Studio 10.0\VC\bin\link.exe /ERRORREPORT:PROMPT /OUT:"C:\Users\MikeRiv\Desktop\Repos\hair-simulation\Jello Simulation\JelloSim_basecode\Debug\JelloSim.exe" /NOLOGO /LIBPATH:..\DevIL1.6.7\lib /LIBPATH:..\tinyxml /LIBPATH:..\glut DevIL.lib ilu.lib ilut.lib glut32.lib tinyxmld_STL.lib kernel32.lib user32.lib gdi32.lib winspool.lib comdlg32.lib advapi32.lib shell32.lib ole32.lib oleaut32.lib uuid.lib odbc32.lib odbccp32.lib /MANIFEST /ManifestFile:"Debug\JelloSim.exe.intermediate.manifest" /MANIFESTUAC:"level='asInvoker' uiAccess='false'" /DEBUG /PDB:"C:\Users\MikeRiv\Desktop\Repos\hair-simulation\Jello Simulation\JelloSim_basecode\Debug\JelloSim.pdb" /TLBID:1 /DYNAMICBASE /NXCOMPAT /IMPLIB:"C:\Users\MikeRiv\Desktop\Repos\hair-simulation\Jello Simulation\JelloSim_basecode\Debug\JelloSim.lib" /MACHINE:X86 Debug\camera.obj
         Debug\fps.obj
         Debug\jelloMesh.obj
         Debug\main.obj
         Debug\vec.obj
         Debug\world.obj
         JelloSim.vcxproj -> C:\Users\MikeRiv\Desktop\Repos\hair-simulation\Jello Simulation\JelloSim_basecode\Debug\JelloSim.exe
       Manifest:
         C:\Program Files (x86)\Microsoft SDKs\Windows\v7.0A\bin\mt.exe /nologo /verbose /outputresource:"C:\Users\MikeRiv\Desktop\Repos\hair-simulation\Jello Simulation\JelloSim_basecode\Debug\JelloSim.exe;#1" /manifest Debug\JelloSim.exe.intermediate.manifest
       FinalizeBuildStatus:
         Deleting file "Debug\JelloSim.unsuccessfulbuild".
         Touching "Debug\JelloSim.lastbuildstate".
     1>Done Building Project "C:\Users\MikeRiv\Desktop\Repos\hair-simulation\Jello Simulation\JelloSim_basecode\JelloSim\JelloSim.vcxproj" (rebuild target(s)).

Build succeeded.

Time Elapsed 00:00:05.26
